[debug] [2022-08-21T10:01:30.406Z] ----------------------------------------------------------------------
[debug] [2022-08-21T10:01:30.407Z] Command:       /usr/local/bin/node /usr/local/bin/firebase init hosting
[debug] [2022-08-21T10:01:30.407Z] CLI Version:   11.7.0
[debug] [2022-08-21T10:01:30.408Z] Platform:      darwin
[debug] [2022-08-21T10:01:30.408Z] Node Version:  v16.13.1
[debug] [2022-08-21T10:01:30.411Z] Time:          Sun Aug 21 2022 15:31:30 GMT+0530 (India Standard Time)
[debug] [2022-08-21T10:01:30.412Z] ----------------------------------------------------------------------
[debug] 
[debug] [2022-08-21T10:01:30.416Z] > command requires scopes: ["email","openid","https://www.googleapis.com/auth/cloudplatformprojects.readonly","https://www.googleapis.com/auth/firebase","https://www.googleapis.com/auth/cloud-platform"]
[debug] [2022-08-21T10:01:30.416Z] > authorizing via signed-in user (saswatabasu23@gmail.com)
[info] 
     ######## #### ########  ######## ########     ###     ######  ########
     ##        ##  ##     ## ##       ##     ##  ##   ##  ##       ##
     ######    ##  ########  ######   ########  #########  ######  ######
     ##        ##  ##    ##  ##       ##     ## ##     ##       ## ##
     ##       #### ##     ## ######## ########  ##     ##  ######  ########

You're about to initialize a Firebase project in this directory:

  /Users/saswatabasu/Downloads/pundu web

[info] 
=== Project Setup
[info] 
[info] First, let's associate this project directory with a Firebase project.
[info] You can create multiple project aliases by running firebase use --add, 
[info] but for now we'll just set up a default project.
[info] 
[info] i  If you want to create a project in a Google Cloud organization or folder, please use "firebase projects:create" instead, and return to this command when you've created the project. 
[debug] [2022-08-21T10:01:39.662Z] >>> [apiv2][query] POST https://cloudresourcemanager.googleapis.com/v1/projects [none]
[debug] [2022-08-21T10:01:39.662Z] >>> [apiv2][body] POST https://cloudresourcemanager.googleapis.com/v1/projects {"projectId":"dhanesh","name":"dhanesh"}
[debug] [2022-08-21T10:01:41.331Z] <<< [apiv2][status] POST https://cloudresourcemanager.googleapis.com/v1/projects 409
[debug] [2022-08-21T10:01:41.331Z] <<< [apiv2][body] POST https://cloudresourcemanager.googleapis.com/v1/projects {"error":{"code":409,"message":"Requested entity already exists","status":"ALREADY_EXISTS"}}
[debug] [2022-08-21T10:01:41.572Z] FirebaseError: HTTP Error: 409, Requested entity already exists
    at responseToError (/usr/local/lib/node_modules/firebase-tools/lib/responseToError.js:49:12)
    at RetryOperation._fn (/usr/local/lib/node_modules/firebase-tools/lib/apiv2.js:288:77)
    at processTicksAndRejections (node:internal/process/task_queues:96:5)
[error] 
[error] Error: Failed to create project because there is already a project with ID dhanesh. Please try again with a unique project ID.
[debug] [2022-08-21T10:03:54.472Z] ----------------------------------------------------------------------
[debug] [2022-08-21T10:03:54.474Z] Command:       /usr/local/bin/node /usr/local/bin/firebase init hosting
[debug] [2022-08-21T10:03:54.474Z] CLI Version:   11.7.0
[debug] [2022-08-21T10:03:54.474Z] Platform:      darwin
[debug] [2022-08-21T10:03:54.474Z] Node Version:  v16.13.1
[debug] [2022-08-21T10:03:54.479Z] Time:          Sun Aug 21 2022 15:33:54 GMT+0530 (India Standard Time)
[debug] [2022-08-21T10:03:54.479Z] ----------------------------------------------------------------------
[debug] 
[debug] [2022-08-21T10:03:54.483Z] > command requires scopes: ["email","openid","https://www.googleapis.com/auth/cloudplatformprojects.readonly","https://www.googleapis.com/auth/firebase","https://www.googleapis.com/auth/cloud-platform"]
[debug] [2022-08-21T10:03:54.483Z] > authorizing via signed-in user (saswatabasu23@gmail.com)
[info] 
     ######## #### ########  ######## ########     ###     ######  ########
     ##        ##  ##     ## ##       ##     ##  ##   ##  ##       ##
     ######    ##  ########  ######   ########  #########  ######  ######
     ##        ##  ##    ##  ##       ##     ## ##     ##       ## ##
     ##       #### ##     ## ######## ########  ##     ##  ######  ########

You're about to initialize a Firebase project in this directory:

  /Users/saswatabasu/Downloads/pundu web

[info] 
=== Project Setup
[info] 
[info] First, let's associate this project directory with a Firebase project.
[info] You can create multiple project aliases by running firebase use --add, 
[info] but for now we'll just set up a default project.
[info] 
[debug] [2022-08-21T10:04:02.052Z] >>> [apiv2][query] GET https://firebase.googleapis.com/v1beta1/projects pageSize=100
[debug] [2022-08-21T10:04:02.897Z] <<< [apiv2][status] GET https://firebase.googleapis.com/v1beta1/projects 200
[debug] [2022-08-21T10:04:02.898Z] <<< [apiv2][body] GET https://firebase.googleapis.com/v1beta1/projects [omitted]
[info] i  Using project dhanesh-iwp (dhanesh-iwp) 
[info] 
=== Hosting Setup
[info] 
[info] Your public directory is the folder (relative to your project directory) that
[info] will contain Hosting assets to be uploaded with firebase deploy. If you
[info] have a build process for your assets, use your build's output directory.
[info] 
[info] ✔  Wrote public/404.html 
[debug] [2022-08-21T10:04:29.610Z] >>> [apiv2][query] GET https://www.gstatic.com/firebasejs/releases.json [none]
[debug] [2022-08-21T10:04:29.782Z] <<< [apiv2][status] GET https://www.gstatic.com/firebasejs/releases.json 200
[debug] [2022-08-21T10:04:29.782Z] <<< [apiv2][body] GET https://www.gstatic.com/firebasejs/releases.json {"current":{"version":"9.9.3","browserURL":"https://www.gstatic.com/firebasejs/9.9.3/firebase.js","packageURL":"https://www.gstatic.com/firebasejs/9.9.3/firebase.tgz"},"live":{"version":"9.9","browserURL":"https://www.gstatic.com/firebasejs/live/9.9/firebase.js","packageURL":"https://www.gstatic.com/firebasejs/live/9.9/firebase.tgz"},"components":{"analytics":"https://www.gstatic.com/firebasejs/9.9.3/firebase-analytics.js","app":"https://www.gstatic.com/firebasejs/9.9.3/firebase-app.js","app-check":"https://www.gstatic.com/firebasejs/9.9.3/firebase-app-check.js","auth":"https://www.gstatic.com/firebasejs/9.9.3/firebase-auth.js","auth/cordova":"https://www.gstatic.com/firebasejs/9.9.3/firebase-auth/cordova.js","auth/react-native":"https://www.gstatic.com/firebasejs/9.9.3/firebase-auth/react-native.js","functions":"https://www.gstatic.com/firebasejs/9.9.3/firebase-functions.js","firestore":"https://www.gstatic.com/firebasejs/9.9.3/firebase-firestore.js","firestore/lite":"https://www.gstatic.com/firebasejs/9.9.3/firebase-firestore/lite.js","installations":"https://www.gstatic.com/firebasejs/9.9.3/firebase-installations.js","storage":"https://www.gstatic.com/firebasejs/9.9.3/firebase-storage.js","performance":"https://www.gstatic.com/firebasejs/9.9.3/firebase-performance.js","remote-config":"https://www.gstatic.com/firebasejs/9.9.3/firebase-remote-config.js","messaging":"https://www.gstatic.com/firebasejs/9.9.3/firebase-messaging.js","messaging/sw":"https://www.gstatic.com/firebasejs/9.9.3/firebase-messaging/sw.js","database":"https://www.gstatic.com/firebasejs/9.9.3/firebase-database.js","firestore.memory":"https://www.gstatic.com/firebasejs/9.9.3/firebase-firestore.memory.js"}}
[info] ✔  Wrote public/index.html 
[info] 
[info] i  Didn't detect a .git folder. Assuming /Users/saswatabasu/Downloads/pundu web is the project root. 
[info] i  Authorizing with GitHub to upload your service account to a GitHub repository's secrets store. 
[info] 
[info] Visit this URL on this device to log in:
[info] https://github.com/login/oauth/authorize?client_id=89cf50f02ac6aaed3484&state=384452424&redirect_uri=http%3A%2F%2Flocalhost%3A9005&scope=read%3Auser%20repo%20public_repo
[info] 
[info] Waiting for authentication...
[debug] [2022-08-21T10:04:38.384Z] >>> [apiv2][query] POST https://github.com/login/oauth/access_token [none]
[debug] [2022-08-21T10:04:38.384Z] >>> [apiv2][body] POST https://github.com/login/oauth/access_token [stream]
[debug] [2022-08-21T10:04:38.831Z] <<< [apiv2][status] POST https://github.com/login/oauth/access_token 200
[debug] [2022-08-21T10:04:38.831Z] <<< [apiv2][body] POST https://github.com/login/oauth/access_token {"access_token":"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","token_type":"bearer","scope":"read:user,repo"}
[debug] [2022-08-21T10:04:38.849Z] >>> [apiv2][query] GET https://api.github.com/user [none]
[debug] [2022-08-21T10:04:39.276Z] <<< [apiv2][status] GET https://api.github.com/user 200
[debug] [2022-08-21T10:04:39.276Z] <<< [apiv2][body] GET https://api.github.com/user {"login":"saswatabasu23","id":77005822,"node_id":"MDQ6VXNlcjc3MDA1ODIy","avatar_url":"https://avatars.githubusercontent.com/u/77005822?v=4","gravatar_id":"","url":"https://api.github.com/users/saswatabasu23","html_url":"https://github.com/saswatabasu23","followers_url":"https://api.github.com/users/saswatabasu23/followers","following_url":"https://api.github.com/users/saswatabasu23/following{/other_user}","gists_url":"https://api.github.com/users/saswatabasu23/gists{/gist_id}","starred_url":"https://api.github.com/users/saswatabasu23/starred{/owner}{/repo}","subscriptions_url":"https://api.github.com/users/saswatabasu23/subscriptions","organizations_url":"https://api.github.com/users/saswatabasu23/orgs","repos_url":"https://api.github.com/users/saswatabasu23/repos","events_url":"https://api.github.com/users/saswatabasu23/events{/privacy}","received_events_url":"https://api.github.com/users/saswatabasu23/received_events","type":"User","site_admin":false,"name":"SaswataBasu","company":null,"blog":"","location":"Kolkka ","email":null,"hireable":null,"bio":null,"twitter_username":null,"public_repos":9,"public_gists":0,"followers":21,"following":30,"created_at":"2021-01-05T12:47:54Z","updated_at":"2022-07-27T12:27:47Z","private_gists":0,"total_private_repos":9,"owned_private_repos":8,"disk_usage":11359,"collaborators":7,"two_factor_authentication":false,"plan":{"name":"pro","space":976562499,"collaborators":0,"private_repos":9999}}
[info] 
[info] ✔  Success! Logged into GitHub as saswatabasu23 
[info] 
